<?xml version="1.0" encoding="UTF-8"?>
<!-- Generated by org.testng.reporters.JUnitReportReporter -->
<testsuite hostname="DESKTOP-4U73KN9" failures="0" tests="1" name="cucumberOptions.TestNgTestRunner" time="0.065" errors="0" timestamp="2023-03-30T15:46:55 IST" skipped="0">
  <testcase classname="cucumberOptions.TestNgTestRunner" name="runScenario" time="0.065"/>
  <system-out/>
</testsuite> <!-- cucumberOptions.TestNgTestRunner -->
